<?xml version="1.0" encoding="UTF-8"?>
<coverage generated="1584963673461" clover="3.2.0">
  <project timestamp="1584963673461" name="All files">
    <metrics statements="8" coveredstatements="8" conditionals="0" coveredconditionals="0" methods="6" coveredmethods="6" elements="14" coveredelements="14" complexity="0" loc="8" ncloc="8" packages="1" files="1" classes="1"/>
    <file name="exercise.js" path="/Users/penghua/Documents/前端/Jest/UnitTestByJest/week3-Ex/js/exercise.js">
      <metrics statements="8" coveredstatements="8" conditionals="0" coveredconditionals="0" methods="6" coveredmethods="6"/>
      <line num="1" count="1" type="stmt"/>
      <line num="2" count="2" type="stmt"/>
      <line num="3" count="2" type="stmt"/>
      <line num="12" count="1" type="stmt"/>
      <line num="14" count="1" type="stmt"/>
      <line num="15" count="2" type="stmt"/>
      <line num="16" count="2" type="stmt"/>
      <line num="17" count="2" type="stmt"/>
    </file>
  </project>
</coverage>
