{"/Users/penghua/Documents/前端/Jest/UnitTestByJest/week3-Ex/js/exercise.js": {"path":"/Users/penghua/Documents/前端/Jest/UnitTestByJest/week3-Ex/js/exercise.js","statementMap":{"0":{"start":{"line":2,"column":2},"end":{"line":2,"column":20}},"1":{"start":{"line":7,"column":2},"end":{"line":7,"column":19}}},"fnMap":{"0":{"name":"asyncFunc","decl":{"start":{"line":1,"column":9},"end":{"line":1,"column":18}},"loc":{"start":{"line":1,"column":29},"end":{"line":3,"column":1}},"line":1},"1":{"name":"callback","decl":{"start":{"line":5,"column":9},"end":{"line":5,"column":17}},"loc":{"start":{"line":5,"column":20},"end":{"line":8,"column":1}},"line":5}},"branchMap":{},"s":{"0":1,"1":1},"f":{"0":1,"1":1},"b":{},"_coverageSchema":"1a1c01bbd47fc00a2c39e90264f33305004495a9","hash":"f82cc411ed6de38a69253e2356f4c936107e055c"}
}
