{"/Users/penghua/Desktop/UnitTestByJest/week1-Ex/js/exercise.js": {"path":"/Users/penghua/Desktop/UnitTestByJest/week1-Ex/js/exercise.js","statementMap":{"0":{"start":{"line":2,"column":2},"end":{"line":2,"column":15}}},"fnMap":{"0":{"name":"sum","decl":{"start":{"line":1,"column":9},"end":{"line":1,"column":12}},"loc":{"start":{"line":1,"column":19},"end":{"line":3,"column":1}},"line":1}},"branchMap":{},"s":{"0":1},"f":{"0":1},"b":{},"_coverageSchema":"1a1c01bbd47fc00a2c39e90264f33305004495a9","hash":"8fd3558748b773057c0111c81af34e5e97b69668"}
}
