{"/Users/chris/code/UnitTestByJest/2020-03-19/app.js": {"path":"/Users/chris/code/UnitTestByJest/2020-03-19/app.js","statementMap":{"0":{"start":{"line":1,"column":28},"end":{"line":7,"column":1}},"1":{"start":{"line":9,"column":20},"end":{"line":9,"column":28}},"2":{"start":{"line":10,"column":0},"end":{"line":10,"column":16}},"3":{"start":{"line":12,"column":28},"end":{"line":12,"column":33}},"4":{"start":{"line":13,"column":26},"end":{"line":13,"column":35}},"5":{"start":{"line":16,"column":2},"end":{"line":16,"column":49}}},"fnMap":{"0":{"name":"compileAndroidCode","decl":{"start":{"line":15,"column":16},"end":{"line":15,"column":34}},"loc":{"start":{"line":15,"column":37},"end":{"line":17,"column":1}},"line":15}},"branchMap":{},"s":{"0":4,"1":4,"2":4,"3":4,"4":4,"5":4},"f":{"0":4},"b":{},"_coverageSchema":"1a1c01bbd47fc00a2c39e90264f33305004495a9","hash":"635fcf1d233db95157c9b288ab7ecde115d764b6"}
}
